=== New OAuth Debug Session ===
Time: 2026-01-15T14:10:55-05:00
=== OAuth Debug Test Script Started ===
Signature Method: PLAINTEXT (default)
=== Environment Check ===
✓ DISCOGS_CONSUMER_KEY: zmtb****igT 
✓ DISCOGS_CONSUMER_SECRET: hGRi****HaT 
✓ DISCOGS_CALLBACK_URL: http****ack 
✓ All environment variables set
=== TLS Connectivity Check ===
Testing connection to api.discogs.com:443...
✓ TLS Connection Established
  TLS Version: TLS 1.3
  Cipher Suite: 0x1301
✓ TLS version is current
=== HTTPS Connectivity Check (No OAuth) ===
Testing: https://api.discogs.com/
  ✓ Status: 200
  ✓ HTTPS connectivity confirmed
Testing: https://api.discogs.com/users
  ✓ Status: 404
  ⚠ Unexpected status code
=== Starting GetRequestToken ===

=== Request completed in 111.7291ms ===
ERROR: Discogs OAuth request failed with status 401. This is likely due to Cloudflare protection blocking automated requests. Please complete OAuth manually through a web browser.
